<?xml version="1.0" encoding="UTF-8"?>
<testsuites name="DemoTesting" time="58.337" tests="6" failures="0" errors="0">
   <testsuite name="DemoTesting" tests="6" failures="0" errors="0" time="58.337" timestamp="2020-11-12 15:48:10" hostname="ThinhTPT - SE140092" id="Test Suites/DemoTesting">
      <properties>
         <property name="deviceName" value=""/>
         <property name="devicePlatform" value=""/>
         <property name="logFolder" value="C:\\Users\\ThinhTPT\\.jenkins\\workspace\\Demo Katalon\\Reports\\20201112_154757\\DemoTesting\\20201112_154800"/>
         <property name="logFiles" value="C:\\Users\\ThinhTPT\\.jenkins\\workspace\\Demo Katalon\\Reports\\20201112_154757\\DemoTesting\\20201112_154800\\execution0.log"/>
         <property name="attachments" value=""/>
         <property name="hostName" value="ThinhTPT - SE140092"/>
         <property name="os" value="Windows 10 64bit"/>
         <property name="katalonVersion" value="7.7.2.205"/>
         <property name="browser" value="Chrome 86.0.4240.193"/>
         <property name="hostAddress" value="10.1.111.4"/>
         <property name="sessionId" value="7295d12493d2633e38ffb445dc927da4"/>
         <property name="seleniumVersion" value="3.141.59"/>
         <property name="proxyInformation" value="ProxyInformation { proxyOption=NO_PROXY, proxyServerType=HTTP, username=, password=********, proxyServerAddress=, proxyServerPort=0, executionList=&quot;&quot;, isApplyToDesiredCapabilities=true }"/>
         <property name="platform" value="Windows 10"/>
      </properties>
      <testcase name="Test Cases/DKT-1" time="19.311" classname="Test Cases/DKT-1" status="PASSED">
         <system-out><![CDATA[2020-11-12 15:48:11 - [TEST_CASE][PASSED] - Test Cases/DKT-1: Test Cases/DKT-1

2020-11-12 15:48:12 - [TEST_STEP][PASSED] - openBrowser(""): Browser is opened with url: ''

2020-11-12 15:48:13 - [MESSAGE][INFO] - Starting 'Chrome' driver

2020-11-12 15:48:13 - [MESSAGE][INFO] - Action delay is set to 0 milliseconds

2020-11-12 15:48:19 - [MESSAGE][PASSED] - Browser is opened with url: ''

2020-11-12 15:48:19 - [TEST_STEP][PASSED] - navigateToUrl("http://localhost:6969/demotesting/"): Navigate to 'http://localhost:6969/demotesting/' successfully

2020-11-12 15:48:25 - [MESSAGE][PASSED] - Navigate to 'http://localhost:6969/demotesting/' successfully

2020-11-12 15:48:25 - [TEST_STEP][PASSED] - setText(findTestObject("Object Repository/Page_Login Page/input_Username_txtUsername"), "thinhtpt@gmail.com"): Text 'thinhtpt@gmail.com' is set on object 'Object Repository/Page_Login Page/input_Username_txtUsername'

2020-11-12 15:48:27 - [MESSAGE][PASSED] - Text 'thinhtpt@gmail.com' is set on object 'Object Repository/Page_Login Page/input_Username_txtUsername'

2020-11-12 15:48:27 - [TEST_STEP][PASSED] - setEncryptedText(findTestObject("Object Repository/Page_Login Page/input_Password_txtPassword"), "aeHFOx8jV/A="): Text ****** has been set on object 'Object Repository/Page_Login Page/input_Password_txtPassword'

2020-11-12 15:48:28 - [MESSAGE][PASSED] - Text ****** has been set on object 'Object Repository/Page_Login Page/input_Password_txtPassword'

2020-11-12 15:48:28 - [TEST_STEP][PASSED] - click(findTestObject("Object Repository/Page_Login Page/strong_Sign in")): Object: 'Object Repository/Page_Login Page/strong_Sign in' is clicked on

2020-11-12 15:48:29 - [MESSAGE][PASSED] - Object: 'Object Repository/Page_Login Page/strong_Sign in' is clicked on

2020-11-12 15:48:29 - [TEST_STEP][PASSED] - verifyElementText(findTestObject("Object Repository/Page_Home Page/h3_Ahihi, Tran Thinh"), "Ahihi, Tran Thinh!"): Actual text and expected text of test object 'Object Repository/Page_Home Page/h3_Ahihi, Tran Thinh' are matched.

2020-11-12 15:48:29 - [MESSAGE][PASSED] - Actual text and expected text of test object 'Object Repository/Page_Home Page/h3_Ahihi, Tran Thinh' are matched.

2020-11-12 15:48:29 - [TEST_STEP][PASSED] - closeBrowser(): Browser is closed

2020-11-12 15:48:30 - [MESSAGE][PASSED] - Browser is closed]]></system-out>
         <system-err><![CDATA[]]></system-err>
      </testcase>
      <testcase name="Test Cases/DKT-2" time="7.524" classname="Test Cases/DKT-2" status="PASSED">
         <system-out><![CDATA[2020-11-12 15:48:30 - [TEST_CASE][PASSED] - Test Cases/DKT-2: Test Cases/DKT-2

2020-11-12 15:48:31 - [TEST_STEP][PASSED] - openBrowser(""): Browser is opened with url: ''

2020-11-12 15:48:31 - [MESSAGE][INFO] - Starting 'Chrome' driver

2020-11-12 15:48:31 - [MESSAGE][INFO] - Action delay is set to 0 milliseconds

2020-11-12 15:48:34 - [MESSAGE][PASSED] - Browser is opened with url: ''

2020-11-12 15:48:34 - [TEST_STEP][PASSED] - navigateToUrl("http://localhost:6969/demotesting/"): Navigate to 'http://localhost:6969/demotesting/' successfully

2020-11-12 15:48:35 - [MESSAGE][PASSED] - Navigate to 'http://localhost:6969/demotesting/' successfully

2020-11-12 15:48:35 - [TEST_STEP][PASSED] - setText(findTestObject("Object Repository/Page_Login Page/input_Username_txtUsername"), username): Text '' is set on object 'Object Repository/Page_Login Page/input_Username_txtUsername'

2020-11-12 15:48:36 - [MESSAGE][PASSED] - Text '' is set on object 'Object Repository/Page_Login Page/input_Username_txtUsername'

2020-11-12 15:48:36 - [TEST_STEP][PASSED] - setText(findTestObject("Object Repository/Page_Login Page/input_Password_txtPassword"), password): Text '' is set on object 'Object Repository/Page_Login Page/input_Password_txtPassword'

2020-11-12 15:48:37 - [MESSAGE][PASSED] - Text '' is set on object 'Object Repository/Page_Login Page/input_Password_txtPassword'

2020-11-12 15:48:37 - [TEST_STEP][PASSED] - click(findTestObject("Object Repository/Page_Login Page/button_Sign in")): Object: 'Object Repository/Page_Login Page/button_Sign in' is clicked on

2020-11-12 15:48:37 - [MESSAGE][PASSED] - Object: 'Object Repository/Page_Login Page/button_Sign in' is clicked on

2020-11-12 15:48:37 - [TEST_STEP][PASSED] - verifyElementText(findTestObject("Object Repository/Page_Login Page/strong_User is not found"), msg): Actual text and expected text of test object 'Object Repository/Page_Login Page/strong_User is not found' are matched.

2020-11-12 15:48:37 - [MESSAGE][PASSED] - Actual text and expected text of test object 'Object Repository/Page_Login Page/strong_User is not found' are matched.

2020-11-12 15:48:37 - [TEST_STEP][PASSED] - closeBrowser(): Browser is closed

2020-11-12 15:48:38 - [MESSAGE][PASSED] - Browser is closed]]></system-out>
         <system-err><![CDATA[]]></system-err>
      </testcase>
      <testcase name="Test Cases/DKT-2" time="6.868" classname="Test Cases/DKT-2" status="PASSED">
         <system-out><![CDATA[2020-11-12 15:48:38 - [TEST_CASE][PASSED] - Test Cases/DKT-2: Test Cases/DKT-2

2020-11-12 15:48:38 - [TEST_STEP][PASSED] - openBrowser(""): Browser is opened with url: ''

2020-11-12 15:48:38 - [MESSAGE][INFO] - Starting 'Chrome' driver

2020-11-12 15:48:38 - [MESSAGE][INFO] - Action delay is set to 0 milliseconds

2020-11-12 15:48:41 - [MESSAGE][PASSED] - Browser is opened with url: ''

2020-11-12 15:48:41 - [TEST_STEP][PASSED] - navigateToUrl("http://localhost:6969/demotesting/"): Navigate to 'http://localhost:6969/demotesting/' successfully

2020-11-12 15:48:42 - [MESSAGE][PASSED] - Navigate to 'http://localhost:6969/demotesting/' successfully

2020-11-12 15:48:42 - [TEST_STEP][PASSED] - setText(findTestObject("Object Repository/Page_Login Page/input_Username_txtUsername"), username): Text '' is set on object 'Object Repository/Page_Login Page/input_Username_txtUsername'

2020-11-12 15:48:43 - [MESSAGE][PASSED] - Text '' is set on object 'Object Repository/Page_Login Page/input_Username_txtUsername'

2020-11-12 15:48:43 - [TEST_STEP][PASSED] - setText(findTestObject("Object Repository/Page_Login Page/input_Password_txtPassword"), password): Text '123456' is set on object 'Object Repository/Page_Login Page/input_Password_txtPassword'

2020-11-12 15:48:44 - [MESSAGE][PASSED] - Text '123456' is set on object 'Object Repository/Page_Login Page/input_Password_txtPassword'

2020-11-12 15:48:44 - [TEST_STEP][PASSED] - click(findTestObject("Object Repository/Page_Login Page/button_Sign in")): Object: 'Object Repository/Page_Login Page/button_Sign in' is clicked on

2020-11-12 15:48:44 - [MESSAGE][PASSED] - Object: 'Object Repository/Page_Login Page/button_Sign in' is clicked on

2020-11-12 15:48:44 - [TEST_STEP][PASSED] - verifyElementText(findTestObject("Object Repository/Page_Login Page/strong_User is not found"), msg): Actual text and expected text of test object 'Object Repository/Page_Login Page/strong_User is not found' are matched.

2020-11-12 15:48:44 - [MESSAGE][PASSED] - Actual text and expected text of test object 'Object Repository/Page_Login Page/strong_User is not found' are matched.

2020-11-12 15:48:44 - [TEST_STEP][PASSED] - closeBrowser(): Browser is closed

2020-11-12 15:48:45 - [MESSAGE][PASSED] - Browser is closed]]></system-out>
         <system-err><![CDATA[]]></system-err>
      </testcase>
      <testcase name="Test Cases/DKT-2" time="7.872" classname="Test Cases/DKT-2" status="PASSED">
         <system-out><![CDATA[2020-11-12 15:48:45 - [TEST_CASE][PASSED] - Test Cases/DKT-2: Test Cases/DKT-2

2020-11-12 15:48:45 - [TEST_STEP][PASSED] - openBrowser(""): Browser is opened with url: ''

2020-11-12 15:48:45 - [MESSAGE][INFO] - Starting 'Chrome' driver

2020-11-12 15:48:45 - [MESSAGE][INFO] - Action delay is set to 0 milliseconds

2020-11-12 15:48:48 - [MESSAGE][PASSED] - Browser is opened with url: ''

2020-11-12 15:48:48 - [TEST_STEP][PASSED] - navigateToUrl("http://localhost:6969/demotesting/"): Navigate to 'http://localhost:6969/demotesting/' successfully

2020-11-12 15:48:49 - [MESSAGE][PASSED] - Navigate to 'http://localhost:6969/demotesting/' successfully

2020-11-12 15:48:49 - [TEST_STEP][PASSED] - setText(findTestObject("Object Repository/Page_Login Page/input_Username_txtUsername"), username): Text 'thinh@gmail.com' is set on object 'Object Repository/Page_Login Page/input_Username_txtUsername'

2020-11-12 15:48:50 - [MESSAGE][PASSED] - Text 'thinh@gmail.com' is set on object 'Object Repository/Page_Login Page/input_Username_txtUsername'

2020-11-12 15:48:50 - [TEST_STEP][PASSED] - setText(findTestObject("Object Repository/Page_Login Page/input_Password_txtPassword"), password): Text '' is set on object 'Object Repository/Page_Login Page/input_Password_txtPassword'

2020-11-12 15:48:51 - [MESSAGE][PASSED] - Text '' is set on object 'Object Repository/Page_Login Page/input_Password_txtPassword'

2020-11-12 15:48:51 - [TEST_STEP][PASSED] - click(findTestObject("Object Repository/Page_Login Page/button_Sign in")): Object: 'Object Repository/Page_Login Page/button_Sign in' is clicked on

2020-11-12 15:48:52 - [MESSAGE][PASSED] - Object: 'Object Repository/Page_Login Page/button_Sign in' is clicked on

2020-11-12 15:48:52 - [TEST_STEP][PASSED] - verifyElementText(findTestObject("Object Repository/Page_Login Page/strong_User is not found"), msg): Actual text and expected text of test object 'Object Repository/Page_Login Page/strong_User is not found' are matched.

2020-11-12 15:48:52 - [MESSAGE][PASSED] - Actual text and expected text of test object 'Object Repository/Page_Login Page/strong_User is not found' are matched.

2020-11-12 15:48:52 - [TEST_STEP][PASSED] - closeBrowser(): Browser is closed

2020-11-12 15:48:53 - [MESSAGE][PASSED] - Browser is closed]]></system-out>
         <system-err><![CDATA[]]></system-err>
      </testcase>
      <testcase name="Test Cases/DKT-2" time="7.494" classname="Test Cases/DKT-2" status="PASSED">
         <system-out><![CDATA[2020-11-12 15:48:53 - [TEST_CASE][PASSED] - Test Cases/DKT-2: Test Cases/DKT-2

2020-11-12 15:48:53 - [TEST_STEP][PASSED] - openBrowser(""): Browser is opened with url: ''

2020-11-12 15:48:53 - [MESSAGE][INFO] - Starting 'Chrome' driver

2020-11-12 15:48:53 - [MESSAGE][INFO] - Action delay is set to 0 milliseconds

2020-11-12 15:48:56 - [MESSAGE][PASSED] - Browser is opened with url: ''

2020-11-12 15:48:56 - [TEST_STEP][PASSED] - navigateToUrl("http://localhost:6969/demotesting/"): Navigate to 'http://localhost:6969/demotesting/' successfully

2020-11-12 15:48:58 - [MESSAGE][PASSED] - Navigate to 'http://localhost:6969/demotesting/' successfully

2020-11-12 15:48:58 - [TEST_STEP][PASSED] - setText(findTestObject("Object Repository/Page_Login Page/input_Username_txtUsername"), username): Text 'thinh@gmail.com' is set on object 'Object Repository/Page_Login Page/input_Username_txtUsername'

2020-11-12 15:48:58 - [MESSAGE][PASSED] - Text 'thinh@gmail.com' is set on object 'Object Repository/Page_Login Page/input_Username_txtUsername'

2020-11-12 15:48:58 - [TEST_STEP][PASSED] - setText(findTestObject("Object Repository/Page_Login Page/input_Password_txtPassword"), password): Text '123456' is set on object 'Object Repository/Page_Login Page/input_Password_txtPassword'

2020-11-12 15:48:59 - [MESSAGE][PASSED] - Text '123456' is set on object 'Object Repository/Page_Login Page/input_Password_txtPassword'

2020-11-12 15:48:59 - [TEST_STEP][PASSED] - click(findTestObject("Object Repository/Page_Login Page/button_Sign in")): Object: 'Object Repository/Page_Login Page/button_Sign in' is clicked on

2020-11-12 15:48:59 - [MESSAGE][PASSED] - Object: 'Object Repository/Page_Login Page/button_Sign in' is clicked on

2020-11-12 15:48:59 - [TEST_STEP][PASSED] - verifyElementText(findTestObject("Object Repository/Page_Login Page/strong_User is not found"), msg): Actual text and expected text of test object 'Object Repository/Page_Login Page/strong_User is not found' are matched.

2020-11-12 15:49:00 - [MESSAGE][PASSED] - Actual text and expected text of test object 'Object Repository/Page_Login Page/strong_User is not found' are matched.

2020-11-12 15:49:00 - [TEST_STEP][PASSED] - closeBrowser(): Browser is closed

2020-11-12 15:49:00 - [MESSAGE][PASSED] - Browser is closed]]></system-out>
         <system-err><![CDATA[]]></system-err>
      </testcase>
      <testcase name="Test Cases/DKT-2" time="7.852" classname="Test Cases/DKT-2" status="PASSED">
         <system-out><![CDATA[2020-11-12 15:49:00 - [TEST_CASE][PASSED] - Test Cases/DKT-2: Test Cases/DKT-2

2020-11-12 15:49:00 - [TEST_STEP][PASSED] - openBrowser(""): Browser is opened with url: ''

2020-11-12 15:49:00 - [MESSAGE][INFO] - Starting 'Chrome' driver

2020-11-12 15:49:00 - [MESSAGE][INFO] - Action delay is set to 0 milliseconds

2020-11-12 15:49:04 - [MESSAGE][PASSED] - Browser is opened with url: ''

2020-11-12 15:49:04 - [TEST_STEP][PASSED] - navigateToUrl("http://localhost:6969/demotesting/"): Navigate to 'http://localhost:6969/demotesting/' successfully

2020-11-12 15:49:05 - [MESSAGE][PASSED] - Navigate to 'http://localhost:6969/demotesting/' successfully

2020-11-12 15:49:05 - [TEST_STEP][PASSED] - setText(findTestObject("Object Repository/Page_Login Page/input_Username_txtUsername"), username): Text 'thinhtpt@gmail.com' is set on object 'Object Repository/Page_Login Page/input_Username_txtUsername'

2020-11-12 15:49:06 - [MESSAGE][PASSED] - Text 'thinhtpt@gmail.com' is set on object 'Object Repository/Page_Login Page/input_Username_txtUsername'

2020-11-12 15:49:06 - [TEST_STEP][PASSED] - setText(findTestObject("Object Repository/Page_Login Page/input_Password_txtPassword"), password): Text '1234678' is set on object 'Object Repository/Page_Login Page/input_Password_txtPassword'

2020-11-12 15:49:07 - [MESSAGE][PASSED] - Text '1234678' is set on object 'Object Repository/Page_Login Page/input_Password_txtPassword'

2020-11-12 15:49:07 - [TEST_STEP][PASSED] - click(findTestObject("Object Repository/Page_Login Page/button_Sign in")): Object: 'Object Repository/Page_Login Page/button_Sign in' is clicked on

2020-11-12 15:49:07 - [MESSAGE][PASSED] - Object: 'Object Repository/Page_Login Page/button_Sign in' is clicked on

2020-11-12 15:49:07 - [TEST_STEP][PASSED] - verifyElementText(findTestObject("Object Repository/Page_Login Page/strong_User is not found"), msg): Actual text and expected text of test object 'Object Repository/Page_Login Page/strong_User is not found' are matched.

2020-11-12 15:49:08 - [MESSAGE][PASSED] - Actual text and expected text of test object 'Object Repository/Page_Login Page/strong_User is not found' are matched.

2020-11-12 15:49:08 - [TEST_STEP][PASSED] - closeBrowser(): Browser is closed

2020-11-12 15:49:08 - [MESSAGE][PASSED] - Browser is closed]]></system-out>
         <system-err><![CDATA[]]></system-err>
      </testcase>
      <system-out><![CDATA[2020-11-12 15:48:10 - [TEST_SUITE][PASSED] - DemoTesting: Test Cases/DKT-2]]></system-out>
      <system-err><![CDATA[]]></system-err>
   </testsuite>
</testsuites>
