<?xml version="1.0" encoding="UTF-8"?>
<testsuites name="DemoTesting" time="72.943" tests="6" failures="0" errors="0">
   <testsuite name="DemoTesting" tests="6" failures="0" errors="0" time="72.943" timestamp="2020-11-12 15:43:09" hostname="ThinhTPT - SE140092" id="Test Suites/DemoTesting">
      <properties>
         <property name="deviceName" value=""/>
         <property name="devicePlatform" value=""/>
         <property name="logFolder" value="C:\\Users\\ThinhTPT\\.jenkins\\workspace\\Demo Katalon\\Reports\\20201112_154248\\DemoTesting\\20201112_154250"/>
         <property name="logFiles" value="C:\\Users\\ThinhTPT\\.jenkins\\workspace\\Demo Katalon\\Reports\\20201112_154248\\DemoTesting\\20201112_154250\\execution0.log"/>
         <property name="attachments" value=""/>
         <property name="hostName" value="ThinhTPT - SE140092"/>
         <property name="os" value="Windows 10 64bit"/>
         <property name="katalonVersion" value="7.7.2.205"/>
         <property name="browser" value="Chrome 86.0.4240.193"/>
         <property name="hostAddress" value="10.1.111.4"/>
         <property name="sessionId" value="46a81d2e5c7bf407c5d7fbfd1078e5ca"/>
         <property name="seleniumVersion" value="3.141.59"/>
         <property name="proxyInformation" value="ProxyInformation { proxyOption=NO_PROXY, proxyServerType=HTTP, username=, password=********, proxyServerAddress=, proxyServerPort=0, executionList=&quot;&quot;, isApplyToDesiredCapabilities=true }"/>
         <property name="platform" value="Windows 10"/>
      </properties>
      <testcase name="Test Cases/DKT-1" time="16.046" classname="Test Cases/DKT-1" status="PASSED">
         <system-out><![CDATA[2020-11-12 15:43:10 - [TEST_CASE][PASSED] - Test Cases/DKT-1: Test Cases/DKT-1

2020-11-12 15:43:10 - [TEST_STEP][PASSED] - openBrowser(""): Browser is opened with url: ''

2020-11-12 15:43:11 - [MESSAGE][INFO] - Starting 'Chrome' driver

2020-11-12 15:43:11 - [MESSAGE][INFO] - Action delay is set to 0 milliseconds

2020-11-12 15:43:17 - [MESSAGE][PASSED] - Browser is opened with url: ''

2020-11-12 15:43:17 - [TEST_STEP][PASSED] - navigateToUrl("http://localhost:6969/demotesting/"): Navigate to 'http://localhost:6969/demotesting/' successfully

2020-11-12 15:43:21 - [MESSAGE][PASSED] - Navigate to 'http://localhost:6969/demotesting/' successfully

2020-11-12 15:43:21 - [TEST_STEP][PASSED] - setText(findTestObject("Object Repository/Page_Login Page/input_Username_txtUsername"), "thinhtpt@gmail.com"): Text 'thinhtpt@gmail.com' is set on object 'Object Repository/Page_Login Page/input_Username_txtUsername'

2020-11-12 15:43:22 - [MESSAGE][PASSED] - Text 'thinhtpt@gmail.com' is set on object 'Object Repository/Page_Login Page/input_Username_txtUsername'

2020-11-12 15:43:22 - [TEST_STEP][PASSED] - setEncryptedText(findTestObject("Object Repository/Page_Login Page/input_Password_txtPassword"), "aeHFOx8jV/A="): Text ****** has been set on object 'Object Repository/Page_Login Page/input_Password_txtPassword'

2020-11-12 15:43:23 - [MESSAGE][PASSED] - Text ****** has been set on object 'Object Repository/Page_Login Page/input_Password_txtPassword'

2020-11-12 15:43:23 - [TEST_STEP][PASSED] - click(findTestObject("Object Repository/Page_Login Page/strong_Sign in")): Object: 'Object Repository/Page_Login Page/strong_Sign in' is clicked on

2020-11-12 15:43:24 - [MESSAGE][PASSED] - Object: 'Object Repository/Page_Login Page/strong_Sign in' is clicked on

2020-11-12 15:43:24 - [TEST_STEP][PASSED] - verifyElementText(findTestObject("Object Repository/Page_Home Page/h3_Ahihi, Tran Thinh"), "Ahihi, Tran Thinh!"): Actual text and expected text of test object 'Object Repository/Page_Home Page/h3_Ahihi, Tran Thinh' are matched.

2020-11-12 15:43:25 - [MESSAGE][PASSED] - Actual text and expected text of test object 'Object Repository/Page_Home Page/h3_Ahihi, Tran Thinh' are matched.

2020-11-12 15:43:25 - [TEST_STEP][PASSED] - closeBrowser(): Browser is closed

2020-11-12 15:43:26 - [MESSAGE][PASSED] - Browser is closed]]></system-out>
         <system-err><![CDATA[]]></system-err>
      </testcase>
      <testcase name="Test Cases/DKT-2" time="13.558" classname="Test Cases/DKT-2" status="PASSED">
         <system-out><![CDATA[2020-11-12 15:43:26 - [TEST_CASE][PASSED] - Test Cases/DKT-2: Test Cases/DKT-2

2020-11-12 15:43:26 - [TEST_STEP][PASSED] - openBrowser(""): Browser is opened with url: ''

2020-11-12 15:43:26 - [MESSAGE][INFO] - Starting 'Chrome' driver

2020-11-12 15:43:26 - [MESSAGE][INFO] - Action delay is set to 0 milliseconds

2020-11-12 15:43:30 - [MESSAGE][PASSED] - Browser is opened with url: ''

2020-11-12 15:43:30 - [TEST_STEP][PASSED] - navigateToUrl("http://localhost:6969/demotesting/"): Navigate to 'http://localhost:6969/demotesting/' successfully

2020-11-12 15:43:36 - [MESSAGE][PASSED] - Navigate to 'http://localhost:6969/demotesting/' successfully

2020-11-12 15:43:36 - [TEST_STEP][PASSED] - setText(findTestObject("Object Repository/Page_Login Page/input_Username_txtUsername"), username): Text '' is set on object 'Object Repository/Page_Login Page/input_Username_txtUsername'

2020-11-12 15:43:37 - [MESSAGE][PASSED] - Text '' is set on object 'Object Repository/Page_Login Page/input_Username_txtUsername'

2020-11-12 15:43:37 - [TEST_STEP][PASSED] - setText(findTestObject("Object Repository/Page_Login Page/input_Password_txtPassword"), password): Text '' is set on object 'Object Repository/Page_Login Page/input_Password_txtPassword'

2020-11-12 15:43:38 - [MESSAGE][PASSED] - Text '' is set on object 'Object Repository/Page_Login Page/input_Password_txtPassword'

2020-11-12 15:43:38 - [TEST_STEP][PASSED] - click(findTestObject("Object Repository/Page_Login Page/button_Sign in")): Object: 'Object Repository/Page_Login Page/button_Sign in' is clicked on

2020-11-12 15:43:39 - [MESSAGE][PASSED] - Object: 'Object Repository/Page_Login Page/button_Sign in' is clicked on

2020-11-12 15:43:39 - [TEST_STEP][PASSED] - verifyElementText(findTestObject("Object Repository/Page_Login Page/strong_User is not found"), msg): Actual text and expected text of test object 'Object Repository/Page_Login Page/strong_User is not found' are matched.

2020-11-12 15:43:39 - [MESSAGE][PASSED] - Actual text and expected text of test object 'Object Repository/Page_Login Page/strong_User is not found' are matched.

2020-11-12 15:43:39 - [TEST_STEP][PASSED] - closeBrowser(): Browser is closed

2020-11-12 15:43:40 - [MESSAGE][PASSED] - Browser is closed]]></system-out>
         <system-err><![CDATA[]]></system-err>
      </testcase>
      <testcase name="Test Cases/DKT-2" time="11.319" classname="Test Cases/DKT-2" status="PASSED">
         <system-out><![CDATA[2020-11-12 15:43:40 - [TEST_CASE][PASSED] - Test Cases/DKT-2: Test Cases/DKT-2

2020-11-12 15:43:40 - [TEST_STEP][PASSED] - openBrowser(""): Browser is opened with url: ''

2020-11-12 15:43:40 - [MESSAGE][INFO] - Starting 'Chrome' driver

2020-11-12 15:43:40 - [MESSAGE][INFO] - Action delay is set to 0 milliseconds

2020-11-12 15:43:43 - [MESSAGE][PASSED] - Browser is opened with url: ''

2020-11-12 15:43:43 - [TEST_STEP][PASSED] - navigateToUrl("http://localhost:6969/demotesting/"): Navigate to 'http://localhost:6969/demotesting/' successfully

2020-11-12 15:43:48 - [MESSAGE][PASSED] - Navigate to 'http://localhost:6969/demotesting/' successfully

2020-11-12 15:43:48 - [TEST_STEP][PASSED] - setText(findTestObject("Object Repository/Page_Login Page/input_Username_txtUsername"), username): Text '' is set on object 'Object Repository/Page_Login Page/input_Username_txtUsername'

2020-11-12 15:43:48 - [MESSAGE][PASSED] - Text '' is set on object 'Object Repository/Page_Login Page/input_Username_txtUsername'

2020-11-12 15:43:48 - [TEST_STEP][PASSED] - setText(findTestObject("Object Repository/Page_Login Page/input_Password_txtPassword"), password): Text '123456' is set on object 'Object Repository/Page_Login Page/input_Password_txtPassword'

2020-11-12 15:43:49 - [MESSAGE][PASSED] - Text '123456' is set on object 'Object Repository/Page_Login Page/input_Password_txtPassword'

2020-11-12 15:43:49 - [TEST_STEP][PASSED] - click(findTestObject("Object Repository/Page_Login Page/button_Sign in")): Object: 'Object Repository/Page_Login Page/button_Sign in' is clicked on

2020-11-12 15:43:50 - [MESSAGE][PASSED] - Object: 'Object Repository/Page_Login Page/button_Sign in' is clicked on

2020-11-12 15:43:50 - [TEST_STEP][PASSED] - verifyElementText(findTestObject("Object Repository/Page_Login Page/strong_User is not found"), msg): Actual text and expected text of test object 'Object Repository/Page_Login Page/strong_User is not found' are matched.

2020-11-12 15:43:50 - [MESSAGE][PASSED] - Actual text and expected text of test object 'Object Repository/Page_Login Page/strong_User is not found' are matched.

2020-11-12 15:43:50 - [TEST_STEP][PASSED] - closeBrowser(): Browser is closed

2020-11-12 15:43:51 - [MESSAGE][PASSED] - Browser is closed]]></system-out>
         <system-err><![CDATA[]]></system-err>
      </testcase>
      <testcase name="Test Cases/DKT-2" time="14.647" classname="Test Cases/DKT-2" status="PASSED">
         <system-out><![CDATA[2020-11-12 15:43:51 - [TEST_CASE][PASSED] - Test Cases/DKT-2: Test Cases/DKT-2

2020-11-12 15:43:51 - [TEST_STEP][PASSED] - openBrowser(""): Browser is opened with url: ''

2020-11-12 15:43:51 - [MESSAGE][INFO] - Starting 'Chrome' driver

2020-11-12 15:43:51 - [MESSAGE][INFO] - Action delay is set to 0 milliseconds

2020-11-12 15:43:54 - [MESSAGE][PASSED] - Browser is opened with url: ''

2020-11-12 15:43:54 - [TEST_STEP][PASSED] - navigateToUrl("http://localhost:6969/demotesting/"): Navigate to 'http://localhost:6969/demotesting/' successfully

2020-11-12 15:44:01 - [MESSAGE][PASSED] - Navigate to 'http://localhost:6969/demotesting/' successfully

2020-11-12 15:44:01 - [TEST_STEP][PASSED] - setText(findTestObject("Object Repository/Page_Login Page/input_Username_txtUsername"), username): Text 'thinh@gmail.com' is set on object 'Object Repository/Page_Login Page/input_Username_txtUsername'

2020-11-12 15:44:01 - [MESSAGE][PASSED] - Text 'thinh@gmail.com' is set on object 'Object Repository/Page_Login Page/input_Username_txtUsername'

2020-11-12 15:44:01 - [TEST_STEP][PASSED] - setText(findTestObject("Object Repository/Page_Login Page/input_Password_txtPassword"), password): Text '' is set on object 'Object Repository/Page_Login Page/input_Password_txtPassword'

2020-11-12 15:44:02 - [MESSAGE][PASSED] - Text '' is set on object 'Object Repository/Page_Login Page/input_Password_txtPassword'

2020-11-12 15:44:02 - [TEST_STEP][PASSED] - click(findTestObject("Object Repository/Page_Login Page/button_Sign in")): Object: 'Object Repository/Page_Login Page/button_Sign in' is clicked on

2020-11-12 15:44:05 - [MESSAGE][PASSED] - Object: 'Object Repository/Page_Login Page/button_Sign in' is clicked on

2020-11-12 15:44:05 - [TEST_STEP][PASSED] - verifyElementText(findTestObject("Object Repository/Page_Login Page/strong_User is not found"), msg): Actual text and expected text of test object 'Object Repository/Page_Login Page/strong_User is not found' are matched.

2020-11-12 15:44:05 - [MESSAGE][PASSED] - Actual text and expected text of test object 'Object Repository/Page_Login Page/strong_User is not found' are matched.

2020-11-12 15:44:05 - [TEST_STEP][PASSED] - closeBrowser(): Browser is closed

2020-11-12 15:44:06 - [MESSAGE][PASSED] - Browser is closed]]></system-out>
         <system-err><![CDATA[]]></system-err>
      </testcase>
      <testcase name="Test Cases/DKT-2" time="8.195" classname="Test Cases/DKT-2" status="PASSED">
         <system-out><![CDATA[2020-11-12 15:44:06 - [TEST_CASE][PASSED] - Test Cases/DKT-2: Test Cases/DKT-2

2020-11-12 15:44:06 - [TEST_STEP][PASSED] - openBrowser(""): Browser is opened with url: ''

2020-11-12 15:44:06 - [MESSAGE][INFO] - Starting 'Chrome' driver

2020-11-12 15:44:06 - [MESSAGE][INFO] - Action delay is set to 0 milliseconds

2020-11-12 15:44:09 - [MESSAGE][PASSED] - Browser is opened with url: ''

2020-11-12 15:44:09 - [TEST_STEP][PASSED] - navigateToUrl("http://localhost:6969/demotesting/"): Navigate to 'http://localhost:6969/demotesting/' successfully

2020-11-12 15:44:10 - [MESSAGE][PASSED] - Navigate to 'http://localhost:6969/demotesting/' successfully

2020-11-12 15:44:10 - [TEST_STEP][PASSED] - setText(findTestObject("Object Repository/Page_Login Page/input_Username_txtUsername"), username): Text 'thinh@gmail.com' is set on object 'Object Repository/Page_Login Page/input_Username_txtUsername'

2020-11-12 15:44:11 - [MESSAGE][PASSED] - Text 'thinh@gmail.com' is set on object 'Object Repository/Page_Login Page/input_Username_txtUsername'

2020-11-12 15:44:11 - [TEST_STEP][PASSED] - setText(findTestObject("Object Repository/Page_Login Page/input_Password_txtPassword"), password): Text '123456' is set on object 'Object Repository/Page_Login Page/input_Password_txtPassword'

2020-11-12 15:44:11 - [MESSAGE][PASSED] - Text '123456' is set on object 'Object Repository/Page_Login Page/input_Password_txtPassword'

2020-11-12 15:44:11 - [TEST_STEP][PASSED] - click(findTestObject("Object Repository/Page_Login Page/button_Sign in")): Object: 'Object Repository/Page_Login Page/button_Sign in' is clicked on

2020-11-12 15:44:12 - [MESSAGE][PASSED] - Object: 'Object Repository/Page_Login Page/button_Sign in' is clicked on

2020-11-12 15:44:12 - [TEST_STEP][PASSED] - verifyElementText(findTestObject("Object Repository/Page_Login Page/strong_User is not found"), msg): Actual text and expected text of test object 'Object Repository/Page_Login Page/strong_User is not found' are matched.

2020-11-12 15:44:12 - [MESSAGE][PASSED] - Actual text and expected text of test object 'Object Repository/Page_Login Page/strong_User is not found' are matched.

2020-11-12 15:44:12 - [TEST_STEP][PASSED] - closeBrowser(): Browser is closed

2020-11-12 15:44:14 - [MESSAGE][PASSED] - Browser is closed]]></system-out>
         <system-err><![CDATA[]]></system-err>
      </testcase>
      <testcase name="Test Cases/DKT-2" time="7.882" classname="Test Cases/DKT-2" status="PASSED">
         <system-out><![CDATA[2020-11-12 15:44:14 - [TEST_CASE][PASSED] - Test Cases/DKT-2: Test Cases/DKT-2

2020-11-12 15:44:14 - [TEST_STEP][PASSED] - openBrowser(""): Browser is opened with url: ''

2020-11-12 15:44:14 - [MESSAGE][INFO] - Starting 'Chrome' driver

2020-11-12 15:44:14 - [MESSAGE][INFO] - Action delay is set to 0 milliseconds

2020-11-12 15:44:17 - [MESSAGE][PASSED] - Browser is opened with url: ''

2020-11-12 15:44:17 - [TEST_STEP][PASSED] - navigateToUrl("http://localhost:6969/demotesting/"): Navigate to 'http://localhost:6969/demotesting/' successfully

2020-11-12 15:44:18 - [MESSAGE][PASSED] - Navigate to 'http://localhost:6969/demotesting/' successfully

2020-11-12 15:44:18 - [TEST_STEP][PASSED] - setText(findTestObject("Object Repository/Page_Login Page/input_Username_txtUsername"), username): Text 'thinhtpt@gmail.com' is set on object 'Object Repository/Page_Login Page/input_Username_txtUsername'

2020-11-12 15:44:19 - [MESSAGE][PASSED] - Text 'thinhtpt@gmail.com' is set on object 'Object Repository/Page_Login Page/input_Username_txtUsername'

2020-11-12 15:44:19 - [TEST_STEP][PASSED] - setText(findTestObject("Object Repository/Page_Login Page/input_Password_txtPassword"), password): Text '1234678' is set on object 'Object Repository/Page_Login Page/input_Password_txtPassword'

2020-11-12 15:44:20 - [MESSAGE][PASSED] - Text '1234678' is set on object 'Object Repository/Page_Login Page/input_Password_txtPassword'

2020-11-12 15:44:20 - [TEST_STEP][PASSED] - click(findTestObject("Object Repository/Page_Login Page/button_Sign in")): Object: 'Object Repository/Page_Login Page/button_Sign in' is clicked on

2020-11-12 15:44:20 - [MESSAGE][PASSED] - Object: 'Object Repository/Page_Login Page/button_Sign in' is clicked on

2020-11-12 15:44:20 - [TEST_STEP][PASSED] - verifyElementText(findTestObject("Object Repository/Page_Login Page/strong_User is not found"), msg): Actual text and expected text of test object 'Object Repository/Page_Login Page/strong_User is not found' are matched.

2020-11-12 15:44:21 - [MESSAGE][PASSED] - Actual text and expected text of test object 'Object Repository/Page_Login Page/strong_User is not found' are matched.

2020-11-12 15:44:21 - [TEST_STEP][PASSED] - closeBrowser(): Browser is closed

2020-11-12 15:44:22 - [MESSAGE][PASSED] - Browser is closed]]></system-out>
         <system-err><![CDATA[]]></system-err>
      </testcase>
      <system-out><![CDATA[2020-11-12 15:43:09 - [TEST_SUITE][PASSED] - DemoTesting: Test Cases/DKT-2]]></system-out>
      <system-err><![CDATA[]]></system-err>
   </testsuite>
</testsuites>
